0 info it worked if it ends with ok
1 verbose cli [ '/usr/local/bin/node', '/usr/local/bin/npm', 'publish' ]
2 info using npm@1.3.11
3 info using node@v0.10.20
4 verbose publish [ '.' ]
5 verbose cache add [ '.', null ]
6 verbose cache add name=undefined spec="." args=[".",null]
7 verbose parsed url { protocol: null,
7 verbose parsed url   slashes: null,
7 verbose parsed url   auth: null,
7 verbose parsed url   host: null,
7 verbose parsed url   port: null,
7 verbose parsed url   hostname: null,
7 verbose parsed url   hash: null,
7 verbose parsed url   search: null,
7 verbose parsed url   query: null,
7 verbose parsed url   pathname: '.',
7 verbose parsed url   path: '.',
7 verbose parsed url   href: '.' }
8 silly lockFile 3a52ce78- .
9 verbose lock . /Users/Matt/.npm/3a52ce78-.lock
10 verbose tar pack [ '/var/folders/tf/3jsrbx3j6zngfyjp6p7twxk00000gn/T/npm-6391-3Mz22RwL/1402536765831-0.40332963201217353/tmp.tgz',
10 verbose tar pack   '.' ]
11 verbose tarball /var/folders/tf/3jsrbx3j6zngfyjp6p7twxk00000gn/T/npm-6391-3Mz22RwL/1402536765831-0.40332963201217353/tmp.tgz
12 verbose folder .
13 silly lockFile 1f1177db-tar tar://.
14 verbose lock tar://. /Users/Matt/.npm/1f1177db-tar.lock
15 silly lockFile 98f7d1fb-5831-0-40332963201217353-tmp-tgz tar:///var/folders/tf/3jsrbx3j6zngfyjp6p7twxk00000gn/T/npm-6391-3Mz22RwL/1402536765831-0.40332963201217353/tmp.tgz
16 verbose lock tar:///var/folders/tf/3jsrbx3j6zngfyjp6p7twxk00000gn/T/npm-6391-3Mz22RwL/1402536765831-0.40332963201217353/tmp.tgz /Users/Matt/.npm/98f7d1fb-5831-0-40332963201217353-tmp-tgz.lock
17 silly lockFile 1f1177db-tar tar://.
18 silly lockFile 1f1177db-tar tar://.
19 silly lockFile 98f7d1fb-5831-0-40332963201217353-tmp-tgz tar:///var/folders/tf/3jsrbx3j6zngfyjp6p7twxk00000gn/T/npm-6391-3Mz22RwL/1402536765831-0.40332963201217353/tmp.tgz
20 silly lockFile 98f7d1fb-5831-0-40332963201217353-tmp-tgz tar:///var/folders/tf/3jsrbx3j6zngfyjp6p7twxk00000gn/T/npm-6391-3Mz22RwL/1402536765831-0.40332963201217353/tmp.tgz
21 verbose tar unpack /var/folders/tf/3jsrbx3j6zngfyjp6p7twxk00000gn/T/npm-6391-3Mz22RwL/1402536765831-0.40332963201217353/tmp.tgz
22 silly lockFile 03cc3d57-5831-0-40332963201217353-package tar:///var/folders/tf/3jsrbx3j6zngfyjp6p7twxk00000gn/T/npm-6391-3Mz22RwL/1402536765831-0.40332963201217353/package
23 verbose lock tar:///var/folders/tf/3jsrbx3j6zngfyjp6p7twxk00000gn/T/npm-6391-3Mz22RwL/1402536765831-0.40332963201217353/package /Users/Matt/.npm/03cc3d57-5831-0-40332963201217353-package.lock
24 silly lockFile 98f7d1fb-5831-0-40332963201217353-tmp-tgz tar:///var/folders/tf/3jsrbx3j6zngfyjp6p7twxk00000gn/T/npm-6391-3Mz22RwL/1402536765831-0.40332963201217353/tmp.tgz
25 verbose lock tar:///var/folders/tf/3jsrbx3j6zngfyjp6p7twxk00000gn/T/npm-6391-3Mz22RwL/1402536765831-0.40332963201217353/tmp.tgz /Users/Matt/.npm/98f7d1fb-5831-0-40332963201217353-tmp-tgz.lock
26 silly gunzTarPerm modes [ '755', '644' ]
27 silly gunzTarPerm extractEntry package.json
28 silly gunzTarPerm extractEntry .npmignore
29 silly gunzTarPerm extractEntry README.md
30 silly gunzTarPerm extractEntry index.js
31 silly gunzTarPerm extractEntry LICENSE.md
32 silly lockFile 03cc3d57-5831-0-40332963201217353-package tar:///var/folders/tf/3jsrbx3j6zngfyjp6p7twxk00000gn/T/npm-6391-3Mz22RwL/1402536765831-0.40332963201217353/package
33 silly lockFile 03cc3d57-5831-0-40332963201217353-package tar:///var/folders/tf/3jsrbx3j6zngfyjp6p7twxk00000gn/T/npm-6391-3Mz22RwL/1402536765831-0.40332963201217353/package
34 silly lockFile 98f7d1fb-5831-0-40332963201217353-tmp-tgz tar:///var/folders/tf/3jsrbx3j6zngfyjp6p7twxk00000gn/T/npm-6391-3Mz22RwL/1402536765831-0.40332963201217353/tmp.tgz
35 silly lockFile 98f7d1fb-5831-0-40332963201217353-tmp-tgz tar:///var/folders/tf/3jsrbx3j6zngfyjp6p7twxk00000gn/T/npm-6391-3Mz22RwL/1402536765831-0.40332963201217353/tmp.tgz
36 verbose tar pack [ '/Users/Matt/.npm/webgl-compile-shader/2.3.1/package.tgz',
36 verbose tar pack   '/var/folders/tf/3jsrbx3j6zngfyjp6p7twxk00000gn/T/npm-6391-3Mz22RwL/1402536765831-0.40332963201217353/package' ]
37 verbose tarball /Users/Matt/.npm/webgl-compile-shader/2.3.1/package.tgz
38 verbose folder /var/folders/tf/3jsrbx3j6zngfyjp6p7twxk00000gn/T/npm-6391-3Mz22RwL/1402536765831-0.40332963201217353/package
39 silly lockFile 03cc3d57-5831-0-40332963201217353-package tar:///var/folders/tf/3jsrbx3j6zngfyjp6p7twxk00000gn/T/npm-6391-3Mz22RwL/1402536765831-0.40332963201217353/package
40 verbose lock tar:///var/folders/tf/3jsrbx3j6zngfyjp6p7twxk00000gn/T/npm-6391-3Mz22RwL/1402536765831-0.40332963201217353/package /Users/Matt/.npm/03cc3d57-5831-0-40332963201217353-package.lock
41 silly lockFile 1513a865-compile-shader-2-3-1-package-tgz tar:///Users/Matt/.npm/webgl-compile-shader/2.3.1/package.tgz
42 verbose lock tar:///Users/Matt/.npm/webgl-compile-shader/2.3.1/package.tgz /Users/Matt/.npm/1513a865-compile-shader-2-3-1-package-tgz.lock
43 silly lockFile 03cc3d57-5831-0-40332963201217353-package tar:///var/folders/tf/3jsrbx3j6zngfyjp6p7twxk00000gn/T/npm-6391-3Mz22RwL/1402536765831-0.40332963201217353/package
44 silly lockFile 03cc3d57-5831-0-40332963201217353-package tar:///var/folders/tf/3jsrbx3j6zngfyjp6p7twxk00000gn/T/npm-6391-3Mz22RwL/1402536765831-0.40332963201217353/package
45 silly lockFile 1513a865-compile-shader-2-3-1-package-tgz tar:///Users/Matt/.npm/webgl-compile-shader/2.3.1/package.tgz
46 silly lockFile 1513a865-compile-shader-2-3-1-package-tgz tar:///Users/Matt/.npm/webgl-compile-shader/2.3.1/package.tgz
47 silly lockFile 396bc25e-bgl-compile-shader-2-3-1-package /Users/Matt/.npm/webgl-compile-shader/2.3.1/package
48 verbose lock /Users/Matt/.npm/webgl-compile-shader/2.3.1/package /Users/Matt/.npm/396bc25e-bgl-compile-shader-2-3-1-package.lock
49 silly lockFile 396bc25e-bgl-compile-shader-2-3-1-package /Users/Matt/.npm/webgl-compile-shader/2.3.1/package
50 silly lockFile 396bc25e-bgl-compile-shader-2-3-1-package /Users/Matt/.npm/webgl-compile-shader/2.3.1/package
51 verbose tar unpack /Users/Matt/.npm/webgl-compile-shader/2.3.1/package.tgz
52 silly lockFile ed7d6177-bgl-compile-shader-2-3-1-package tar:///Users/Matt/.npm/webgl-compile-shader/2.3.1/package
53 verbose lock tar:///Users/Matt/.npm/webgl-compile-shader/2.3.1/package /Users/Matt/.npm/ed7d6177-bgl-compile-shader-2-3-1-package.lock
54 silly lockFile 1513a865-compile-shader-2-3-1-package-tgz tar:///Users/Matt/.npm/webgl-compile-shader/2.3.1/package.tgz
55 verbose lock tar:///Users/Matt/.npm/webgl-compile-shader/2.3.1/package.tgz /Users/Matt/.npm/1513a865-compile-shader-2-3-1-package-tgz.lock
56 silly gunzTarPerm modes [ '755', '644' ]
57 silly gunzTarPerm extractEntry package.json
58 silly gunzTarPerm extractEntry .npmignore
59 silly gunzTarPerm extractEntry README.md
60 silly gunzTarPerm extractEntry index.js
61 silly gunzTarPerm extractEntry LICENSE.md
62 silly lockFile ed7d6177-bgl-compile-shader-2-3-1-package tar:///Users/Matt/.npm/webgl-compile-shader/2.3.1/package
63 silly lockFile ed7d6177-bgl-compile-shader-2-3-1-package tar:///Users/Matt/.npm/webgl-compile-shader/2.3.1/package
64 silly lockFile 1513a865-compile-shader-2-3-1-package-tgz tar:///Users/Matt/.npm/webgl-compile-shader/2.3.1/package.tgz
65 silly lockFile 1513a865-compile-shader-2-3-1-package-tgz tar:///Users/Matt/.npm/webgl-compile-shader/2.3.1/package.tgz
66 verbose chmod /Users/Matt/.npm/webgl-compile-shader/2.3.1/package.tgz 644
67 verbose chown /Users/Matt/.npm/webgl-compile-shader/2.3.1/package.tgz [ 501, 20 ]
68 silly lockFile 3a52ce78- .
69 silly lockFile 3a52ce78- .
70 silly publish { name: 'webgl-compile-shader',
70 silly publish   version: '2.3.1',
70 silly publish   description: 'compiles a WebGL shader',
70 silly publish   main: 'index.js',
70 silly publish   license: 'MIT',
70 silly publish   author: { name: 'Matt DesLauriers', email: 'dave.des@gmail.com' },
70 silly publish   dependencies: { 'webgl-context': '~1.2.1' },
70 silly publish   devDependencies: { tape: '~2.13.2' },
70 silly publish   scripts: { test: 'browserify test.js | testling -x open' },
70 silly publish   repository:
70 silly publish    { type: 'git',
70 silly publish      url: 'git://github.com/mattdesl/webgl-compile-shader.git' },
70 silly publish   keywords: [ 'glsl glslify test shader compile webgl opengl link' ],
70 silly publish   homepage: 'https://github.com/mattdesl/webgl-compile-shader',
70 silly publish   bugs: { url: 'https://github.com/mattdesl/webgl-compile-shader/issues' },
70 silly publish   testling:
70 silly publish    { files: 'test.js',
70 silly publish      browsers:
70 silly publish       [ 'ie/8..latest',
70 silly publish         'firefox/17..latest',
70 silly publish         'firefox/nightly',
70 silly publish         'chrome/22..latest',
70 silly publish         'chrome/canary',
70 silly publish         'opera/12..latest',
70 silly publish         'opera/next',
70 silly publish         'safari/5.1..latest',
70 silly publish         'ipad/6.0..latest',
70 silly publish         'iphone/6.0..latest',
70 silly publish         'android-browser/4.2..latest' ] },
70 silly publish   readme: '[![browser support](https://ci.testling.com/mattdesl/webgl-compile-shader.png)](https://ci.testling.com/mattdesl/webgl-compile-shader)\n\n# webgl-compile-shader \n[![experimental](http://badges.github.io/stability-badges/dist/experimental.svg)](http://github.com/badges/stability-badges)\n\nCompiles a WebGL shader program from the given vertex and fragment source. Throws an error on failure, providing clear logging with line numbers and the problematic shader (vertex vs. fragment). \n\nThe shaders are detached and flagged for deletion after linking.\n\n## Usage\n\n```js\nvar compiler = require(\'webgl-compile-shader\');\nvar info = compile({\n\tvertex: vertSource,\n\tfragment: fragSource,\n\n\t//optional args\n\tgl: gl, //WebGL context; if not specified a new one will be created\n\tverbose: true, //whether to emit console.warn messages when throwing errors\n\tattributeLocations: { ... key:index pairs ... },\n});\n\n//for dealing with the WebGL object\nvar program = info.program;\n//for dealing with logging/warnings \nvar log = info.log;\n```\n\n## License\n\nMIT, see [LICENSE.md](http://github.com/mattdesl/webgl-compile-shader/blob/master/LICENSE.md) for details.\n',
70 silly publish   readmeFilename: 'README.md',
70 silly publish   _id: 'webgl-compile-shader@2.3.1',
70 silly publish   dist: { shasum: '4e02c3600374b9b154812283de2bcaf36e0dff70' },
70 silly publish   _from: '.' }
71 verbose url raw webgl-compile-shader
72 verbose url resolving [ 'https://registry.npmjs.org/', './webgl-compile-shader' ]
73 verbose url resolved https://registry.npmjs.org/webgl-compile-shader
74 info trying registry request attempt 1 at 21:32:45
75 http PUT https://registry.npmjs.org/webgl-compile-shader
76 http 201 https://registry.npmjs.org/webgl-compile-shader
77 verbose url raw webgl-compile-shader
78 verbose url resolving [ 'https://registry.npmjs.org/', './webgl-compile-shader' ]
79 verbose url resolved https://registry.npmjs.org/webgl-compile-shader
80 info trying registry request attempt 1 at 21:32:47
81 http GET https://registry.npmjs.org/webgl-compile-shader
82 http 200 https://registry.npmjs.org/webgl-compile-shader
83 error publish fail Cannot publish over existing version.
83 error publish fail Update the 'version' field in package.json and try again.
83 error publish fail
83 error publish fail If the previous version was published in error, see:
83 error publish fail     npm help unpublish
83 error publish fail
83 error publish fail To automatically increment version numbers, see:
83 error publish fail     npm help version
84 error System Darwin 12.5.0
85 error command "/usr/local/bin/node" "/usr/local/bin/npm" "publish"
86 error cwd /projects/npmutils/webgl-compile-shader
87 error node -v v0.10.20
88 error npm -v 1.3.11
89 error code EPUBLISHCONFLICT
90 verbose exit [ 1, true ]
